RUN	chuck_norris_jokes.CategoryJokeSimulation	categoryjokesimulation	1639427622273	 	3.7.2
USER	CategoryJokeSimulation	START	1639427623868
USER	CategoryJokeSimulation	START	1639427623889
USER	CategoryJokeSimulation	START	1639427623919
USER	CategoryJokeSimulation	START	1639427623949
USER	CategoryJokeSimulation	START	1639427623978
USER	CategoryJokeSimulation	START	1639427624009
USER	CategoryJokeSimulation	START	1639427624038
USER	CategoryJokeSimulation	START	1639427624067
USER	CategoryJokeSimulation	START	1639427624098
USER	CategoryJokeSimulation	START	1639427624126
USER	CategoryJokeSimulation	START	1639427624157
USER	CategoryJokeSimulation	START	1639427624186
USER	CategoryJokeSimulation	START	1639427624216
USER	CategoryJokeSimulation	START	1639427624246
USER	CategoryJokeSimulation	START	1639427624276
USER	CategoryJokeSimulation	START	1639427624306
USER	CategoryJokeSimulation	START	1639427624334
USER	CategoryJokeSimulation	START	1639427624364
USER	CategoryJokeSimulation	START	1639427624394
USER	CategoryJokeSimulation	START	1639427624422
USER	CategoryJokeSimulation	START	1639427624452
USER	CategoryJokeSimulation	START	1639427624483
USER	CategoryJokeSimulation	START	1639427624512
USER	CategoryJokeSimulation	START	1639427624541
USER	CategoryJokeSimulation	START	1639427624570
USER	CategoryJokeSimulation	START	1639427624601
USER	CategoryJokeSimulation	START	1639427624630
USER	CategoryJokeSimulation	START	1639427624659
USER	CategoryJokeSimulation	START	1639427624689
USER	CategoryJokeSimulation	START	1639427624717
USER	CategoryJokeSimulation	START	1639427624747
USER	CategoryJokeSimulation	START	1639427624776
USER	CategoryJokeSimulation	START	1639427624806
USER	CategoryJokeSimulation	START	1639427624835
USER	CategoryJokeSimulation	START	1639427624865
USER	CategoryJokeSimulation	START	1639427624895
USER	CategoryJokeSimulation	START	1639427624926
USER	CategoryJokeSimulation	START	1639427624956
USER	CategoryJokeSimulation	START	1639427624987
USER	CategoryJokeSimulation	START	1639427625017
USER	CategoryJokeSimulation	START	1639427625049
REQUEST		request_0	1639427623887	1639427625065	OK	 
REQUEST		request_0	1639427624009	1639427625035	OK	 
REQUEST		request_0	1639427624276	1639427625048	OK	 
REQUEST		request_0	1639427624216	1639427625049	OK	 
REQUEST		request_0	1639427624570	1639427625053	OK	 
REQUEST		request_0	1639427624364	1639427625065	OK	 
REQUEST		request_0	1639427624306	1639427625052	OK	 
REQUEST		request_0	1639427624127	1639427625033	OK	 
USER	CategoryJokeSimulation	END	1639427625074
USER	CategoryJokeSimulation	END	1639427625074
USER	CategoryJokeSimulation	END	1639427625075
REQUEST		request_0	1639427624334	1639427625077	OK	 
REQUEST		request_0	1639427624098	1639427625077	OK	 
USER	CategoryJokeSimulation	START	1639427625077
USER	CategoryJokeSimulation	END	1639427625076
USER	CategoryJokeSimulation	END	1639427625076
USER	CategoryJokeSimulation	END	1639427625078
USER	CategoryJokeSimulation	END	1639427625078
USER	CategoryJokeSimulation	END	1639427625078
USER	CategoryJokeSimulation	END	1639427625081
USER	CategoryJokeSimulation	END	1639427625084
REQUEST		request_0	1639427624601	1639427625091	OK	 
USER	CategoryJokeSimulation	END	1639427625092
REQUEST		request_0	1639427623919	1639427625100	OK	 
USER	CategoryJokeSimulation	END	1639427625103
REQUEST		request_0	1639427623949	1639427625103	OK	 
USER	CategoryJokeSimulation	END	1639427625104
REQUEST		request_0	1639427623979	1639427625105	OK	 
REQUEST		request_0	1639427624038	1639427625105	OK	 
USER	CategoryJokeSimulation	END	1639427625106
USER	CategoryJokeSimulation	END	1639427625106
USER	CategoryJokeSimulation	START	1639427625108
REQUEST		request_0	1639427624541	1639427625132	OK	 
USER	CategoryJokeSimulation	END	1639427625132
USER	CategoryJokeSimulation	START	1639427625138
REQUEST		request_0	1639427624422	1639427625140	OK	 
USER	CategoryJokeSimulation	END	1639427625141
REQUEST		request_0	1639427624660	1639427625159	OK	 
USER	CategoryJokeSimulation	END	1639427625161
USER	CategoryJokeSimulation	START	1639427625168
REQUEST		request_0	1639427624247	1639427625179	OK	 
USER	CategoryJokeSimulation	END	1639427625180
USER	CategoryJokeSimulation	START	1639427625198
REQUEST		request_0	1639427624483	1639427625217	OK	 
REQUEST		request_0	1639427624777	1639427625217	OK	 
USER	CategoryJokeSimulation	END	1639427625218
USER	CategoryJokeSimulation	END	1639427625218
USER	CategoryJokeSimulation	START	1639427625229
REQUEST		request_0	1639427624631	1639427625233	OK	 
USER	CategoryJokeSimulation	END	1639427625234
USER	CategoryJokeSimulation	START	1639427625259
REQUEST		request_0	1639427624895	1639427625261	OK	 
USER	CategoryJokeSimulation	END	1639427625262
USER	CategoryJokeSimulation	START	1639427625290
USER	CategoryJokeSimulation	START	1639427625320
REQUEST		request_0	1639427625017	1639427625326	OK	 
REQUEST		request_0	1639427625199	1639427625326	OK	 
USER	CategoryJokeSimulation	END	1639427625327
USER	CategoryJokeSimulation	END	1639427625327
REQUEST		request_0	1639427624186	1639427625344	OK	 
USER	CategoryJokeSimulation	END	1639427625345
USER	CategoryJokeSimulation	START	1639427625350
REQUEST		request_0	1639427625050	1639427625371	OK	 
USER	CategoryJokeSimulation	END	1639427625372
REQUEST		request_0	1639427624717	1639427625376	OK	 
USER	CategoryJokeSimulation	END	1639427625377
REQUEST		request_0	1639427624957	1639427625378	OK	 
REQUEST		request_0	1639427624513	1639427625378	OK	 
USER	CategoryJokeSimulation	END	1639427625379
USER	CategoryJokeSimulation	END	1639427625379
USER	CategoryJokeSimulation	START	1639427625380
REQUEST		request_0	1639427624453	1639427625389	OK	 
REQUEST		request_0	1639427624835	1639427625389	OK	 
USER	CategoryJokeSimulation	END	1639427625390
USER	CategoryJokeSimulation	END	1639427625390
REQUEST		request_0	1639427625108	1639427625392	OK	 
USER	CategoryJokeSimulation	END	1639427625393
REQUEST		request_0	1639427624926	1639427625401	OK	 
REQUEST		request_0	1639427625290	1639427625401	OK	 
USER	CategoryJokeSimulation	END	1639427625402
USER	CategoryJokeSimulation	END	1639427625402
REQUEST		request_0	1639427625077	1639427625412	OK	 
USER	CategoryJokeSimulation	START	1639427625411
USER	CategoryJokeSimulation	END	1639427625413
REQUEST		request_0	1639427625138	1639427625428	OK	 
REQUEST		request_0	1639427624866	1639427625429	OK	 
USER	CategoryJokeSimulation	END	1639427625430
USER	CategoryJokeSimulation	END	1639427625430
REQUEST		request_0	1639427624748	1639427625435	OK	 
USER	CategoryJokeSimulation	END	1639427625436
REQUEST		request_0	1639427624690	1639427625437	OK	 
USER	CategoryJokeSimulation	END	1639427625437
REQUEST		request_0	1639427624806	1639427625439	OK	 
USER	CategoryJokeSimulation	END	1639427625440
REQUEST		request_0	1639427624988	1639427625440	OK	 
USER	CategoryJokeSimulation	END	1639427625441
USER	CategoryJokeSimulation	START	1639427625441
REQUEST		request_0	1639427625168	1639427625449	OK	 
USER	CategoryJokeSimulation	END	1639427625451
USER	CategoryJokeSimulation	START	1639427625472
USER	CategoryJokeSimulation	START	1639427625502
USER	CategoryJokeSimulation	START	1639427625533
USER	CategoryJokeSimulation	START	1639427625563
USER	CategoryJokeSimulation	START	1639427625593
USER	CategoryJokeSimulation	START	1639427625624
USER	CategoryJokeSimulation	START	1639427625653
REQUEST		request_0	1639427625259	1639427625674	OK	 
REQUEST		request_0	1639427625412	1639427625674	OK	 
REQUEST		request_0	1639427624395	1639427625674	OK	 
USER	CategoryJokeSimulation	END	1639427625675
USER	CategoryJokeSimulation	END	1639427625675
USER	CategoryJokeSimulation	END	1639427625676
REQUEST		request_0	1639427625230	1639427625682	OK	 
USER	CategoryJokeSimulation	END	1639427625683
USER	CategoryJokeSimulation	START	1639427625684
USER	CategoryJokeSimulation	START	1639427625714
USER	CategoryJokeSimulation	START	1639427625744
USER	CategoryJokeSimulation	START	1639427625775
REQUEST		request_0	1639427625563	1639427625779	OK	 
USER	CategoryJokeSimulation	END	1639427625781
USER	CategoryJokeSimulation	START	1639427625805
REQUEST		request_0	1639427624068	1639427625815	OK	 
USER	CategoryJokeSimulation	END	1639427625816
REQUEST		request_0	1639427625351	1639427625823	OK	 
USER	CategoryJokeSimulation	END	1639427625824
USER	CategoryJokeSimulation	START	1639427625835
REQUEST		request_0	1639427625320	1639427625852	OK	 
USER	CategoryJokeSimulation	END	1639427625853
USER	CategoryJokeSimulation	START	1639427625866
USER	CategoryJokeSimulation	START	1639427625889
REQUEST		request_0	1639427625776	1639427625904	OK	 
USER	CategoryJokeSimulation	END	1639427625905
REQUEST		request_0	1639427625380	1639427625907	OK	 
USER	CategoryJokeSimulation	END	1639427625908
USER	CategoryJokeSimulation	START	1639427625918
REQUEST		request_0	1639427625473	1639427625940	OK	 
USER	CategoryJokeSimulation	END	1639427625941
REQUEST		request_0	1639427625594	1639427625950	OK	 
USER	CategoryJokeSimulation	START	1639427625950
USER	CategoryJokeSimulation	END	1639427625951
REQUEST		request_0	1639427625533	1639427625954	OK	 
REQUEST		request_0	1639427625835	1639427625954	OK	 
USER	CategoryJokeSimulation	END	1639427625955
USER	CategoryJokeSimulation	END	1639427625955
REQUEST		request_0	1639427625503	1639427625963	OK	 
USER	CategoryJokeSimulation	END	1639427625964
REQUEST		request_0	1639427624157	1639427625968	OK	 
USER	CategoryJokeSimulation	END	1639427625969
REQUEST		request_0	1639427625653	1639427625970	OK	 
REQUEST		request_0	1639427625624	1639427625970	OK	 
USER	CategoryJokeSimulation	END	1639427625970
USER	CategoryJokeSimulation	END	1639427625970
USER	CategoryJokeSimulation	START	1639427625980
USER	CategoryJokeSimulation	START	1639427626011
USER	CategoryJokeSimulation	START	1639427626040
REQUEST		request_0	1639427625890	1639427626065	OK	 
REQUEST		request_0	1639427625684	1639427626065	OK	 
USER	CategoryJokeSimulation	END	1639427626067
USER	CategoryJokeSimulation	END	1639427626067
USER	CategoryJokeSimulation	START	1639427626071
REQUEST		request_0	1639427623889	1639427626074	OK	 
USER	CategoryJokeSimulation	END	1639427626075
REQUEST		request_0	1639427625745	1639427626076	OK	 
USER	CategoryJokeSimulation	END	1639427626076
USER	CategoryJokeSimulation	START	1639427626101
USER	CategoryJokeSimulation	START	1639427626133
USER	CategoryJokeSimulation	START	1639427626164
REQUEST		request_0	1639427625715	1639427626173	OK	 
REQUEST		request_0	1639427625980	1639427626173	OK	 
USER	CategoryJokeSimulation	END	1639427626174
USER	CategoryJokeSimulation	END	1639427626174
REQUEST		request_0	1639427626012	1639427626175	OK	 
USER	CategoryJokeSimulation	END	1639427626176
REQUEST		request_0	1639427625806	1639427626186	OK	 
USER	CategoryJokeSimulation	END	1639427626186
REQUEST		request_0	1639427625867	1639427626190	OK	 
REQUEST		request_0	1639427626072	1639427626190	OK	 
USER	CategoryJokeSimulation	END	1639427626191
USER	CategoryJokeSimulation	END	1639427626191
USER	CategoryJokeSimulation	START	1639427626192
USER	CategoryJokeSimulation	START	1639427626223
USER	CategoryJokeSimulation	START	1639427626254
REQUEST		request_0	1639427626165	1639427626273	OK	 
USER	CategoryJokeSimulation	END	1639427626275
REQUEST		request_0	1639427625950	1639427626283	OK	 
USER	CategoryJokeSimulation	END	1639427626285
REQUEST		request_0	1639427625919	1639427626285	OK	 
USER	CategoryJokeSimulation	START	1639427626284
USER	CategoryJokeSimulation	END	1639427626286
USER	CategoryJokeSimulation	START	1639427626315
USER	CategoryJokeSimulation	START	1639427626344
REQUEST		request_0	1639427626224	1639427626364	OK	 
USER	CategoryJokeSimulation	END	1639427626366
USER	CategoryJokeSimulation	START	1639427626375
USER	CategoryJokeSimulation	START	1639427626406
REQUEST		request_0	1639427626040	1639427626408	OK	 
USER	CategoryJokeSimulation	END	1639427626409
REQUEST		request_0	1639427626101	1639427626412	OK	 
USER	CategoryJokeSimulation	END	1639427626413
REQUEST		request_0	1639427626133	1639427626414	OK	 
USER	CategoryJokeSimulation	END	1639427626415
REQUEST		request_0	1639427626285	1639427626423	OK	 
USER	CategoryJokeSimulation	END	1639427626424
USER	CategoryJokeSimulation	START	1639427626436
USER	CategoryJokeSimulation	START	1639427626467
REQUEST		request_0	1639427626344	1639427626471	OK	 
USER	CategoryJokeSimulation	END	1639427626472
REQUEST		request_0	1639427626376	1639427626487	OK	 
USER	CategoryJokeSimulation	END	1639427626489
USER	CategoryJokeSimulation	START	1639427626497
USER	CategoryJokeSimulation	START	1639427626527
USER	CategoryJokeSimulation	START	1639427626556
USER	CategoryJokeSimulation	START	1639427626588
USER	CategoryJokeSimulation	START	1639427626618
USER	CategoryJokeSimulation	START	1639427626648
USER	CategoryJokeSimulation	START	1639427626678
USER	CategoryJokeSimulation	START	1639427626710
REQUEST		request_0	1639427626193	1639427626722	OK	 
REQUEST		request_0	1639427626254	1639427626722	OK	 
REQUEST		request_0	1639427626407	1639427626722	OK	 
REQUEST		request_0	1639427626315	1639427626722	OK	 
REQUEST		request_0	1639427626467	1639427626722	OK	 
USER	CategoryJokeSimulation	END	1639427626723
USER	CategoryJokeSimulation	END	1639427626723
USER	CategoryJokeSimulation	END	1639427626723
USER	CategoryJokeSimulation	END	1639427626723
USER	CategoryJokeSimulation	END	1639427626723
REQUEST		request_0	1639427625441	1639427626724	OK	 
USER	CategoryJokeSimulation	END	1639427626725
USER	CategoryJokeSimulation	START	1639427626740
USER	CategoryJokeSimulation	START	1639427626771
USER	CategoryJokeSimulation	START	1639427626800
REQUEST		request_0	1639427626710	1639427626819	OK	 
USER	CategoryJokeSimulation	END	1639427626821
USER	CategoryJokeSimulation	START	1639427626831
REQUEST		request_0	1639427626557	1639427626839	OK	 
USER	CategoryJokeSimulation	END	1639427626840
USER	CategoryJokeSimulation	START	1639427626861
REQUEST		request_0	1639427626740	1639427626881	OK	 
USER	CategoryJokeSimulation	END	1639427626882
USER	CategoryJokeSimulation	START	1639427626888
REQUEST		request_0	1639427626679	1639427626892	OK	 
USER	CategoryJokeSimulation	END	1639427626892
REQUEST		request_0	1639427626771	1639427626896	OK	 
USER	CategoryJokeSimulation	END	1639427626897
REQUEST		request_0	1639427626436	1639427626912	OK	 
USER	CategoryJokeSimulation	END	1639427626913
USER	CategoryJokeSimulation	START	1639427626917
USER	CategoryJokeSimulation	START	1639427626947
REQUEST		request_0	1639427626831	1639427626950	OK	 
USER	CategoryJokeSimulation	END	1639427626951
USER	CategoryJokeSimulation	START	1639427626975
REQUEST		request_0	1639427626527	1639427626986	OK	 
REQUEST		request_0	1639427626618	1639427626987	OK	 
REQUEST		request_0	1639427626497	1639427626987	OK	 
USER	CategoryJokeSimulation	END	1639427626987
USER	CategoryJokeSimulation	END	1639427626988
USER	CategoryJokeSimulation	END	1639427626988
USER	CategoryJokeSimulation	START	1639427627006
REQUEST		request_0	1639427626648	1639427627016	OK	 
USER	CategoryJokeSimulation	END	1639427627017
USER	CategoryJokeSimulation	START	1639427627035
USER	CategoryJokeSimulation	START	1639427627064
USER	CategoryJokeSimulation	START	1639427627096
REQUEST		request_0	1639427626918	1639427627110	OK	 
REQUEST		request_0	1639427626948	1639427627110	OK	 
USER	CategoryJokeSimulation	END	1639427627111
USER	CategoryJokeSimulation	END	1639427627111
USER	CategoryJokeSimulation	START	1639427627124
REQUEST		request_0	1639427626588	1639427627125	OK	 
REQUEST		request_0	1639427626800	1639427627125	OK	 
USER	CategoryJokeSimulation	END	1639427627125
USER	CategoryJokeSimulation	END	1639427627125
USER	CategoryJokeSimulation	START	1639427627154
USER	CategoryJokeSimulation	START	1639427627182
REQUEST		request_0	1639427627007	1639427627211	OK	 
USER	CategoryJokeSimulation	END	1639427627212
USER	CategoryJokeSimulation	START	1639427627212
USER	CategoryJokeSimulation	START	1639427627242
REQUEST		request_0	1639427626889	1639427627268	OK	 
USER	CategoryJokeSimulation	END	1639427627269
USER	CategoryJokeSimulation	START	1639427627271
REQUEST		request_0	1639427627154	1639427627273	OK	 
USER	CategoryJokeSimulation	END	1639427627274
REQUEST		request_0	1639427627124	1639427627281	OK	 
USER	CategoryJokeSimulation	END	1639427627282
REQUEST		request_0	1639427627036	1639427627282	OK	 
REQUEST		request_0	1639427626862	1639427627282	OK	 
USER	CategoryJokeSimulation	END	1639427627282
USER	CategoryJokeSimulation	END	1639427627282
USER	CategoryJokeSimulation	START	1639427627301
USER	CategoryJokeSimulation	START	1639427627330
REQUEST		request_0	1639427627212	1639427627343	OK	 
USER	CategoryJokeSimulation	END	1639427627344
REQUEST		request_0	1639427626976	1639427627349	OK	 
USER	CategoryJokeSimulation	END	1639427627350
REQUEST		request_0	1639427627242	1639427627356	OK	 
USER	CategoryJokeSimulation	END	1639427627357
USER	CategoryJokeSimulation	START	1639427627360
USER	CategoryJokeSimulation	START	1639427627390
REQUEST		request_0	1639427627065	1639427627395	OK	 
USER	CategoryJokeSimulation	END	1639427627396
REQUEST		request_0	1639427627096	1639427627402	OK	 
USER	CategoryJokeSimulation	END	1639427627403
USER	CategoryJokeSimulation	START	1639427627419
USER	CategoryJokeSimulation	START	1639427627449
REQUEST		request_0	1639427627330	1639427627464	OK	 
USER	CategoryJokeSimulation	END	1639427627466
USER	CategoryJokeSimulation	START	1639427627477
REQUEST		request_0	1639427627182	1639427627480	OK	 
USER	CategoryJokeSimulation	END	1639427627481
REQUEST		request_0	1639427627390	1639427627492	OK	 
USER	CategoryJokeSimulation	END	1639427627493
USER	CategoryJokeSimulation	START	1639427627508
USER	CategoryJokeSimulation	START	1639427627536
REQUEST		request_0	1639427627271	1639427627547	OK	 
USER	CategoryJokeSimulation	END	1639427627548
USER	CategoryJokeSimulation	START	1639427627567
USER	CategoryJokeSimulation	START	1639427627596
USER	CategoryJokeSimulation	START	1639427627626
USER	CategoryJokeSimulation	START	1639427627656
USER	CategoryJokeSimulation	START	1639427627685
USER	CategoryJokeSimulation	START	1639427627714
USER	CategoryJokeSimulation	START	1639427627745
REQUEST		request_0	1639427627302	1639427627767	OK	 
REQUEST		request_0	1639427627508	1639427627767	OK	 
REQUEST		request_0	1639427627360	1639427627767	OK	 
REQUEST		request_0	1639427627477	1639427627767	OK	 
USER	CategoryJokeSimulation	END	1639427627768
USER	CategoryJokeSimulation	END	1639427627768
USER	CategoryJokeSimulation	END	1639427627768
USER	CategoryJokeSimulation	END	1639427627768
USER	CategoryJokeSimulation	START	1639427627772
USER	CategoryJokeSimulation	START	1639427627803
USER	CategoryJokeSimulation	START	1639427627831
REQUEST		request_0	1639427627537	1639427627855	OK	 
USER	CategoryJokeSimulation	END	1639427627856
USER	CategoryJokeSimulation	START	1639427627862
REQUEST		request_0	1639427627597	1639427627865	OK	 
USER	CategoryJokeSimulation	END	1639427627866
REQUEST		request_0	1639427627567	1639427627871	OK	 
USER	CategoryJokeSimulation	END	1639427627872
REQUEST		request_0	1639427627745	1639427627874	OK	 
USER	CategoryJokeSimulation	END	1639427627875
USER	CategoryJokeSimulation	START	1639427627889
REQUEST		request_0	1639427627420	1639427627891	OK	 
REQUEST		request_0	1639427627685	1639427627891	OK	 
USER	CategoryJokeSimulation	END	1639427627891
USER	CategoryJokeSimulation	END	1639427627891
REQUEST		request_0	1639427627772	1639427627912	OK	 
USER	CategoryJokeSimulation	END	1639427627913
USER	CategoryJokeSimulation	START	1639427627919
USER	CategoryJokeSimulation	START	1639427627949
REQUEST		request_0	1639427627804	1639427627961	OK	 
USER	CategoryJokeSimulation	END	1639427627963
REQUEST		request_0	1639427627862	1639427627963	OK	 
USER	CategoryJokeSimulation	END	1639427627964
USER	CategoryJokeSimulation	START	1639427627979
REQUEST		request_0	1639427627449	1639427627982	OK	 
USER	CategoryJokeSimulation	END	1639427627984
USER	CategoryJokeSimulation	START	1639427628010
REQUEST		request_0	1639427627919	1639427628030	OK	 
USER	CategoryJokeSimulation	END	1639427628032
REQUEST		request_0	1639427627627	1639427628038	OK	 
REQUEST		request_0	1639427627657	1639427628038	OK	 
USER	CategoryJokeSimulation	END	1639427628039
USER	CategoryJokeSimulation	END	1639427628039
USER	CategoryJokeSimulation	START	1639427628039
REQUEST		request_0	1639427627714	1639427628047	OK	 
USER	CategoryJokeSimulation	END	1639427628048
USER	CategoryJokeSimulation	START	1639427628070
USER	CategoryJokeSimulation	START	1639427628102
USER	CategoryJokeSimulation	START	1639427628132
REQUEST		request_0	1639427628011	1639427628159	OK	 
USER	CategoryJokeSimulation	END	1639427628159
REQUEST		request_0	1639427627832	1639427628160	OK	 
USER	CategoryJokeSimulation	END	1639427628161
USER	CategoryJokeSimulation	START	1639427628162
REQUEST		request_0	1639427627889	1639427628167	OK	 
USER	CategoryJokeSimulation	END	1639427628168
USER	CategoryJokeSimulation	START	1639427628193
USER	CategoryJokeSimulation	START	1639427628222
USER	CategoryJokeSimulation	START	1639427628252
REQUEST		request_0	1639427627980	1639427628284	OK	 
USER	CategoryJokeSimulation	START	1639427628283
USER	CategoryJokeSimulation	END	1639427628285
REQUEST		request_0	1639427627949	1639427628303	OK	 
USER	CategoryJokeSimulation	END	1639427628304
USER	CategoryJokeSimulation	START	1639427628313
REQUEST		request_0	1639427628193	1639427628318	OK	 
USER	CategoryJokeSimulation	END	1639427628318
USER	CategoryJokeSimulation	START	1639427628344
REQUEST		request_0	1639427628222	1639427628354	OK	 
USER	CategoryJokeSimulation	END	1639427628355
REQUEST		request_0	1639427628040	1639427628368	OK	 
USER	CategoryJokeSimulation	END	1639427628369
USER	CategoryJokeSimulation	START	1639427628375
USER	CategoryJokeSimulation	START	1639427628405
REQUEST		request_0	1639427628313	1639427628417	OK	 
USER	CategoryJokeSimulation	END	1639427628418
REQUEST		request_0	1639427628284	1639427628424	OK	 
USER	CategoryJokeSimulation	END	1639427628425
USER	CategoryJokeSimulation	START	1639427628435
REQUEST		request_0	1639427628132	1639427628442	OK	 
USER	CategoryJokeSimulation	END	1639427628443
REQUEST		request_0	1639427628163	1639427628450	OK	 
USER	CategoryJokeSimulation	END	1639427628451
REQUEST		request_0	1639427628102	1639427628456	OK	 
USER	CategoryJokeSimulation	END	1639427628457
REQUEST		request_0	1639427628070	1639427628460	OK	 
USER	CategoryJokeSimulation	END	1639427628461
USER	CategoryJokeSimulation	START	1639427628465
REQUEST		request_0	1639427628375	1639427628482	OK	 
USER	CategoryJokeSimulation	END	1639427628483
USER	CategoryJokeSimulation	START	1639427628496
USER	CategoryJokeSimulation	START	1639427628526
REQUEST		request_0	1639427628252	1639427628535	OK	 
USER	CategoryJokeSimulation	END	1639427628537
USER	CategoryJokeSimulation	START	1639427628556
REQUEST		request_0	1639427628435	1639427628581	OK	 
USER	CategoryJokeSimulation	END	1639427628582
USER	CategoryJokeSimulation	START	1639427628586
USER	CategoryJokeSimulation	START	1639427628617
USER	CategoryJokeSimulation	START	1639427628646
USER	CategoryJokeSimulation	START	1639427628678
USER	CategoryJokeSimulation	START	1639427628708
USER	CategoryJokeSimulation	START	1639427628738
USER	CategoryJokeSimulation	START	1639427628769
USER	CategoryJokeSimulation	START	1639427628799
REQUEST		request_0	1639427628344	1639427628817	OK	 
REQUEST		request_0	1639427628527	1639427628817	OK	 
REQUEST		request_0	1639427628405	1639427628817	OK	 
USER	CategoryJokeSimulation	END	1639427628818
USER	CategoryJokeSimulation	END	1639427628818
USER	CategoryJokeSimulation	END	1639427628818
REQUEST		request_0	1639427628497	1639427628828	OK	 
USER	CategoryJokeSimulation	START	1639427628828
USER	CategoryJokeSimulation	END	1639427628829
USER	CategoryJokeSimulation	START	1639427628860
USER	CategoryJokeSimulation	START	1639427628889
REQUEST		request_0	1639427628679	1639427628916	OK	 
USER	CategoryJokeSimulation	END	1639427628917
USER	CategoryJokeSimulation	START	1639427628917
REQUEST		request_0	1639427628617	1639427628924	OK	 
USER	CategoryJokeSimulation	END	1639427628924
REQUEST		request_0	1639427628709	1639427628929	OK	 
USER	CategoryJokeSimulation	END	1639427628930
REQUEST		request_0	1639427628738	1639427628940	OK	 
USER	CategoryJokeSimulation	END	1639427628942
USER	CategoryJokeSimulation	START	1639427628947
REQUEST		request_0	1639427628769	1639427628960	OK	 
REQUEST		request_0	1639427628466	1639427628960	OK	 
USER	CategoryJokeSimulation	END	1639427628962
USER	CategoryJokeSimulation	END	1639427628962
USER	CategoryJokeSimulation	START	1639427628978
USER	CategoryJokeSimulation	START	1639427629008
REQUEST		request_0	1639427628586	1639427629015	OK	 
USER	CategoryJokeSimulation	END	1639427629016
REQUEST		request_0	1639427628557	1639427629037	OK	 
USER	CategoryJokeSimulation	END	1639427629038
USER	CategoryJokeSimulation	START	1639427629039
REQUEST		request_0	1639427628917	1639427629048	OK	 
USER	CategoryJokeSimulation	END	1639427629053
USER	CategoryJokeSimulation	START	1639427629071
REQUEST		request_0	1639427628799	1639427629099	OK	 
REQUEST		request_0	1639427628647	1639427629099	OK	 
USER	CategoryJokeSimulation	END	1639427629100
USER	CategoryJokeSimulation	END	1639427629100
USER	CategoryJokeSimulation	START	1639427629101
REQUEST		request_0	1639427628828	1639427629121	OK	 
USER	CategoryJokeSimulation	END	1639427629122
USER	CategoryJokeSimulation	START	1639427629131
USER	CategoryJokeSimulation	START	1639427629163
USER	CategoryJokeSimulation	START	1639427629193
REQUEST		request_0	1639427629009	1639427629209	OK	 
USER	CategoryJokeSimulation	END	1639427629210
REQUEST		request_0	1639427628861	1639427629221	OK	 
USER	CategoryJokeSimulation	END	1639427629222
USER	CategoryJokeSimulation	START	1639427629221
REQUEST		request_0	1639427628889	1639427629222	OK	 
USER	CategoryJokeSimulation	END	1639427629223
USER	CategoryJokeSimulation	START	1639427629251
REQUEST		request_0	1639427628978	1639427629281	OK	 
USER	CategoryJokeSimulation	END	1639427629282
USER	CategoryJokeSimulation	START	1639427629283
USER	CategoryJokeSimulation	START	1639427629314
REQUEST		request_0	1639427628948	1639427629334	OK	 
REQUEST		request_0	1639427629163	1639427629334	OK	 
USER	CategoryJokeSimulation	END	1639427629335
USER	CategoryJokeSimulation	END	1639427629335
USER	CategoryJokeSimulation	START	1639427629342
USER	CategoryJokeSimulation	START	1639427629375
REQUEST		request_0	1639427629251	1639427629384	OK	 
USER	CategoryJokeSimulation	END	1639427629385
REQUEST		request_0	1639427629283	1639427629388	OK	 
USER	CategoryJokeSimulation	END	1639427629389
REQUEST		request_0	1639427629039	1639427629400	OK	 
USER	CategoryJokeSimulation	END	1639427629401
USER	CategoryJokeSimulation	START	1639427629405
REQUEST		request_0	1639427629071	1639427629411	OK	 
USER	CategoryJokeSimulation	END	1639427629412
REQUEST		request_0	1639427629102	1639427629426	OK	 
USER	CategoryJokeSimulation	END	1639427629427
USER	CategoryJokeSimulation	START	1639427629435
REQUEST		request_0	1639427629314	1639427629443	OK	 
USER	CategoryJokeSimulation	END	1639427629444
USER	CategoryJokeSimulation	START	1639427629465
REQUEST		request_0	1639427629343	1639427629485	OK	 
USER	CategoryJokeSimulation	END	1639427629486
USER	CategoryJokeSimulation	START	1639427629495
REQUEST		request_0	1639427629193	1639427629504	OK	 
USER	CategoryJokeSimulation	END	1639427629505
REQUEST		request_0	1639427629406	1639427629519	OK	 
USER	CategoryJokeSimulation	END	1639427629521
USER	CategoryJokeSimulation	START	1639427629525
REQUEST		request_0	1639427629131	1639427629532	OK	 
USER	CategoryJokeSimulation	END	1639427629532
REQUEST		request_0	1639427629222	1639427629534	OK	 
USER	CategoryJokeSimulation	END	1639427629535
REQUEST		request_0	1639427629435	1639427629538	OK	 
USER	CategoryJokeSimulation	END	1639427629539
USER	CategoryJokeSimulation	START	1639427629555
REQUEST		request_0	1639427629465	1639427629575	OK	 
USER	CategoryJokeSimulation	END	1639427629576
USER	CategoryJokeSimulation	START	1639427629587
USER	CategoryJokeSimulation	START	1639427629617
USER	CategoryJokeSimulation	START	1639427629647
USER	CategoryJokeSimulation	START	1639427629677
USER	CategoryJokeSimulation	START	1639427629708
USER	CategoryJokeSimulation	START	1639427629737
USER	CategoryJokeSimulation	START	1639427629769
USER	CategoryJokeSimulation	START	1639427629799
USER	CategoryJokeSimulation	START	1639427629828
USER	CategoryJokeSimulation	START	1639427629860
REQUEST		request_0	1639427629587	1639427629863	OK	 
USER	CategoryJokeSimulation	END	1639427629865
REQUEST		request_0	1639427629556	1639427629868	OK	 
USER	CategoryJokeSimulation	END	1639427629869
REQUEST		request_0	1639427629376	1639427629875	OK	 
USER	CategoryJokeSimulation	END	1639427629876
USER	CategoryJokeSimulation	START	1639427629887
USER	CategoryJokeSimulation	START	1639427629916
USER	CategoryJokeSimulation	START	1639427629946
REQUEST		request_0	1639427629769	1639427629965	OK	 
USER	CategoryJokeSimulation	END	1639427629966
REQUEST		request_0	1639427629860	1639427629970	OK	 
REQUEST		request_0	1639427629647	1639427629970	OK	 
USER	CategoryJokeSimulation	END	1639427629971
USER	CategoryJokeSimulation	END	1639427629971
REQUEST		request_0	1639427629678	1639427629975	OK	 
USER	CategoryJokeSimulation	START	1639427629975
USER	CategoryJokeSimulation	END	1639427629976
REQUEST		request_0	1639427629708	1639427629991	OK	 
USER	CategoryJokeSimulation	END	1639427629992
REQUEST		request_0	1639427629496	1639427629992	OK	 
USER	CategoryJokeSimulation	END	1639427629993
USER	CategoryJokeSimulation	START	1639427630006
REQUEST		request_0	1639427629525	1639427630010	OK	 
USER	CategoryJokeSimulation	END	1639427630011
USER	CategoryJokeSimulation	START	1639427630035
REQUEST		request_0	1639427629946	1639427630062	OK	 
USER	CategoryJokeSimulation	END	1639427630063
USER	CategoryJokeSimulation	START	1639427630063
REQUEST		request_0	1639427629618	1639427630093	OK	 
USER	CategoryJokeSimulation	END	1639427630094
USER	CategoryJokeSimulation	START	1639427630094
USER	CategoryJokeSimulation	START	1639427630123
REQUEST		request_0	1639427629829	1639427630138	OK	 
USER	CategoryJokeSimulation	END	1639427630139
USER	CategoryJokeSimulation	START	1639427630153
REQUEST		request_0	1639427629738	1639427630160	OK	 
USER	CategoryJokeSimulation	END	1639427630161
REQUEST		request_0	1639427630035	1639427630162	OK	 
USER	CategoryJokeSimulation	END	1639427630162
REQUEST		request_0	1639427629800	1639427630164	OK	 
USER	CategoryJokeSimulation	END	1639427630165
USER	CategoryJokeSimulation	START	1639427630181
USER	CategoryJokeSimulation	START	1639427630212
USER	CategoryJokeSimulation	START	1639427630241
REQUEST		request_0	1639427629887	1639427630257	OK	 
USER	CategoryJokeSimulation	END	1639427630258
USER	CategoryJokeSimulation	START	1639427630269
REQUEST		request_0	1639427629917	1639427630280	OK	 
REQUEST		request_0	1639427629975	1639427630280	OK	 
USER	CategoryJokeSimulation	END	1639427630281
USER	CategoryJokeSimulation	END	1639427630281
REQUEST		request_0	1639427630006	1639427630286	OK	 
USER	CategoryJokeSimulation	END	1639427630286
USER	CategoryJokeSimulation	START	1639427630301
USER	CategoryJokeSimulation	START	1639427630329
USER	CategoryJokeSimulation	START	1639427630360
REQUEST		request_0	1639427630181	1639427630369	OK	 
USER	CategoryJokeSimulation	END	1639427630370
REQUEST		request_0	1639427630241	1639427630384	OK	 
USER	CategoryJokeSimulation	END	1639427630385
USER	CategoryJokeSimulation	START	1639427630388
USER	CategoryJokeSimulation	START	1639427630417
REQUEST		request_0	1639427630330	1639427630439	OK	 
USER	CategoryJokeSimulation	END	1639427630440
USER	CategoryJokeSimulation	START	1639427630446
USER	CategoryJokeSimulation	START	1639427630475
REQUEST		request_0	1639427630153	1639427630482	OK	 
REQUEST		request_0	1639427630094	1639427630482	OK	 
REQUEST		request_0	1639427630123	1639427630483	OK	 
USER	CategoryJokeSimulation	END	1639427630483
USER	CategoryJokeSimulation	END	1639427630484
USER	CategoryJokeSimulation	END	1639427630484
USER	CategoryJokeSimulation	START	1639427630507
REQUEST		request_0	1639427630389	1639427630515	OK	 
USER	CategoryJokeSimulation	END	1639427630516
REQUEST		request_0	1639427630212	1639427630535	OK	 
USER	CategoryJokeSimulation	START	1639427630534
USER	CategoryJokeSimulation	END	1639427630536
REQUEST		request_0	1639427630063	1639427630551	OK	 
USER	CategoryJokeSimulation	END	1639427630552
REQUEST		request_0	1639427630301	1639427630560	OK	 
USER	CategoryJokeSimulation	END	1639427630560
USER	CategoryJokeSimulation	START	1639427630564
REQUEST		request_0	1639427630270	1639427630568	OK	 
USER	CategoryJokeSimulation	END	1639427630569
REQUEST		request_0	1639427630476	1639427630586	OK	 
USER	CategoryJokeSimulation	END	1639427630588
USER	CategoryJokeSimulation	START	1639427630595
USER	CategoryJokeSimulation	START	1639427630623
REQUEST		request_0	1639427630535	1639427630646	OK	 
USER	CategoryJokeSimulation	END	1639427630647
REQUEST		request_0	1639427630360	1639427630653	OK	 
USER	CategoryJokeSimulation	START	1639427630653
USER	CategoryJokeSimulation	END	1639427630654
REQUEST		request_0	1639427630564	1639427630671	OK	 
USER	CategoryJokeSimulation	END	1639427630672
USER	CategoryJokeSimulation	START	1639427630682
USER	CategoryJokeSimulation	START	1639427630711
USER	CategoryJokeSimulation	START	1639427630741
USER	CategoryJokeSimulation	START	1639427630771
USER	CategoryJokeSimulation	START	1639427630801
USER	CategoryJokeSimulation	START	1639427630829
USER	CategoryJokeSimulation	START	1639427630860
USER	CategoryJokeSimulation	START	1639427630888
REQUEST		request_0	1639427630595	1639427630911	OK	 
REQUEST		request_0	1639427630624	1639427630911	OK	 
USER	CategoryJokeSimulation	END	1639427630912
USER	CategoryJokeSimulation	END	1639427630912
USER	CategoryJokeSimulation	START	1639427630918
USER	CategoryJokeSimulation	START	1639427630949
REQUEST		request_0	1639427630417	1639427630957	OK	 
REQUEST		request_0	1639427630447	1639427630957	OK	 
USER	CategoryJokeSimulation	END	1639427630958
USER	CategoryJokeSimulation	END	1639427630958
USER	CategoryJokeSimulation	START	1639427630979
REQUEST		request_0	1639427630682	1639427631002	OK	 
USER	CategoryJokeSimulation	END	1639427631003
USER	CategoryJokeSimulation	START	1639427631009
REQUEST		request_0	1639427630829	1639427631020	OK	 
USER	CategoryJokeSimulation	END	1639427631020
REQUEST		request_0	1639427630507	1639427631025	OK	 
USER	CategoryJokeSimulation	END	1639427631026
REQUEST		request_0	1639427630711	1639427631028	OK	 
USER	CategoryJokeSimulation	END	1639427631029
USER	CategoryJokeSimulation	START	1639427631039
REQUEST		request_0	1639427630801	1639427631061	OK	 
USER	CategoryJokeSimulation	END	1639427631061
REQUEST		request_0	1639427630772	1639427631062	OK	 
USER	CategoryJokeSimulation	END	1639427631062
USER	CategoryJokeSimulation	START	1639427631070
REQUEST		request_0	1639427630980	1639427631084	OK	 
USER	CategoryJokeSimulation	END	1639427631085
USER	CategoryJokeSimulation	START	1639427631100
REQUEST		request_0	1639427631009	1639427631113	OK	 
USER	CategoryJokeSimulation	END	1639427631113
USER	CategoryJokeSimulation	START	1639427631130
USER	CategoryJokeSimulation	START	1639427631163
REQUEST		request_0	1639427631070	1639427631173	OK	 
REQUEST		request_0	1639427630653	1639427631173	OK	 
USER	CategoryJokeSimulation	END	1639427631174
USER	CategoryJokeSimulation	END	1639427631174
REQUEST		request_0	1639427630888	1639427631190	OK	 
USER	CategoryJokeSimulation	END	1639427631192
USER	CategoryJokeSimulation	START	1639427631191
REQUEST		request_0	1639427630918	1639427631199	OK	 
USER	CategoryJokeSimulation	END	1639427631201
REQUEST		request_0	1639427631101	1639427631211	OK	 
REQUEST		request_0	1639427630741	1639427631211	OK	 
USER	CategoryJokeSimulation	END	1639427631213
USER	CategoryJokeSimulation	END	1639427631213
USER	CategoryJokeSimulation	START	1639427631222
REQUEST		request_0	1639427630949	1639427631235	OK	 
USER	CategoryJokeSimulation	END	1639427631236
USER	CategoryJokeSimulation	START	1639427631252
USER	CategoryJokeSimulation	START	1639427631283
REQUEST		request_0	1639427630860	1639427631306	OK	 
REQUEST		request_0	1639427631039	1639427631308	OK	 
USER	CategoryJokeSimulation	END	1639427631308
USER	CategoryJokeSimulation	END	1639427631309
USER	CategoryJokeSimulation	START	1639427631313
USER	CategoryJokeSimulation	START	1639427631342
USER	CategoryJokeSimulation	START	1639427631374
REQUEST		request_0	1639427631283	1639427631403	OK	 
USER	CategoryJokeSimulation	END	1639427631404
USER	CategoryJokeSimulation	START	1639427631404
REQUEST		request_0	1639427631252	1639427631411	OK	 
USER	CategoryJokeSimulation	END	1639427631411
REQUEST		request_0	1639427631313	1639427631429	OK	 
USER	CategoryJokeSimulation	END	1639427631430
USER	CategoryJokeSimulation	START	1639427631434
REQUEST		request_0	1639427631130	1639427631466	OK	 
REQUEST		request_0	1639427631342	1639427631467	OK	 
USER	CategoryJokeSimulation	END	1639427631467
USER	CategoryJokeSimulation	END	1639427631468
USER	CategoryJokeSimulation	START	1639427631465
USER	CategoryJokeSimulation	START	1639427631496
REQUEST		request_0	1639427631374	1639427631505	OK	 
USER	CategoryJokeSimulation	END	1639427631506
REQUEST		request_0	1639427631163	1639427631518	OK	 
USER	CategoryJokeSimulation	END	1639427631519
USER	CategoryJokeSimulation	START	1639427631525
REQUEST		request_0	1639427631192	1639427631541	OK	 
USER	CategoryJokeSimulation	END	1639427631542
USER	CategoryJokeSimulation	START	1639427631556
USER	CategoryJokeSimulation	START	1639427631586
REQUEST		request_0	1639427631222	1639427631601	OK	 
USER	CategoryJokeSimulation	END	1639427631602
USER	CategoryJokeSimulation	START	1639427631615
REQUEST		request_0	1639427631497	1639427631629	OK	 
USER	CategoryJokeSimulation	END	1639427631630
USER	CategoryJokeSimulation	START	1639427631647
REQUEST		request_0	1639427631404	1639427631675	OK	 
USER	CategoryJokeSimulation	END	1639427631677
USER	CategoryJokeSimulation	START	1639427631677
USER	CategoryJokeSimulation	START	1639427631707
REQUEST		request_0	1639427631435	1639427631719	OK	 
USER	CategoryJokeSimulation	END	1639427631719
USER	CategoryJokeSimulation	START	1639427631738
USER	CategoryJokeSimulation	START	1639427631769
USER	CategoryJokeSimulation	START	1639427631799
USER	CategoryJokeSimulation	START	1639427631828
USER	CategoryJokeSimulation	START	1639427631860
USER	CategoryJokeSimulation	START	1639427631888
USER	CategoryJokeSimulation	START	1639427631918
USER	CategoryJokeSimulation	START	1639427631948
REQUEST		request_0	1639427631466	1639427631967	OK	 
REQUEST		request_0	1639427631525	1639427631967	OK	 
REQUEST		request_0	1639427631556	1639427631967	OK	 
USER	CategoryJokeSimulation	END	1639427631968
USER	CategoryJokeSimulation	END	1639427631968
REQUEST		request_0	1639427631647	1639427631968	OK	 
USER	CategoryJokeSimulation	END	1639427631969
USER	CategoryJokeSimulation	END	1639427631969
USER	CategoryJokeSimulation	START	1639427631979
USER	CategoryJokeSimulation	START	1639427632009
USER	CategoryJokeSimulation	START	1639427632039
USER	CategoryJokeSimulation	START	1639427632069
REQUEST		request_0	1639427631918	1639427632070	OK	 
USER	CategoryJokeSimulation	END	1639427632071
REQUEST		request_0	1639427631948	1639427632071	OK	 
USER	CategoryJokeSimulation	END	1639427632072
REQUEST		request_0	1639427631769	1639427632078	OK	 
REQUEST		request_0	1639427631739	1639427632078	OK	 
USER	CategoryJokeSimulation	END	1639427632078
USER	CategoryJokeSimulation	END	1639427632078
REQUEST		request_0	1639427631587	1639427632090	OK	 
USER	CategoryJokeSimulation	END	1639427632090
REQUEST		request_0	1639427631616	1639427632094	OK	 
REQUEST		request_0	1639427631979	1639427632094	OK	 
USER	CategoryJokeSimulation	END	1639427632094
USER	CategoryJokeSimulation	END	1639427632094
USER	CategoryJokeSimulation	START	1639427632100
REQUEST		request_0	1639427631799	1639427632109	OK	 
USER	CategoryJokeSimulation	END	1639427632110
USER	CategoryJokeSimulation	START	1639427632131
REQUEST		request_0	1639427632010	1639427632142	OK	 
USER	CategoryJokeSimulation	END	1639427632143
USER	CategoryJokeSimulation	START	1639427632161
REQUEST		request_0	1639427631708	1639427632166	OK	 
USER	CategoryJokeSimulation	END	1639427632167
REQUEST		request_0	1639427631677	1639427632179	OK	 
USER	CategoryJokeSimulation	END	1639427632180
USER	CategoryJokeSimulation	START	1639427632192
REQUEST		request_0	1639427632070	1639427632193	OK	 
USER	CategoryJokeSimulation	END	1639427632194
USER	CategoryJokeSimulation	START	1639427632221
USER	CategoryJokeSimulation	START	1639427632252
REQUEST		request_0	1639427632131	1639427632254	OK	 
USER	CategoryJokeSimulation	END	1639427632255
REQUEST		request_0	1639427631888	1639427632262	OK	 
USER	CategoryJokeSimulation	END	1639427632262
REQUEST		request_0	1639427631829	1639427632270	OK	 
USER	CategoryJokeSimulation	END	1639427632271
USER	CategoryJokeSimulation	START	1639427632282
USER	CategoryJokeSimulation	START	1639427632312
USER	CategoryJokeSimulation	START	1639427632342
REQUEST		request_0	1639427632221	1639427632351	OK	 
USER	CategoryJokeSimulation	END	1639427632352
REQUEST		request_0	1639427631861	1639427632357	OK	 
REQUEST		request_0	1639427632039	1639427632357	OK	 
USER	CategoryJokeSimulation	END	1639427632358
USER	CategoryJokeSimulation	END	1639427632358
REQUEST		request_0	1639427632100	1639427632366	OK	 
USER	CategoryJokeSimulation	END	1639427632366
USER	CategoryJokeSimulation	START	1639427632373
USER	CategoryJokeSimulation	START	1639427632403
USER	CategoryJokeSimulation	START	1639427632433
USER	CategoryJokeSimulation	START	1639427632464
REQUEST		request_0	1639427632313	1639427632479	OK	 
USER	CategoryJokeSimulation	END	1639427632480
REQUEST		request_0	1639427632342	1639427632484	OK	 
USER	CategoryJokeSimulation	END	1639427632484
USER	CategoryJokeSimulation	START	1639427632494
REQUEST		request_0	1639427632161	1639427632522	OK	 
USER	CategoryJokeSimulation	END	1639427632522
USER	CategoryJokeSimulation	START	1639427632524
REQUEST		request_0	1639427632403	1639427632534	OK	 
USER	CategoryJokeSimulation	END	1639427632535
REQUEST		request_0	1639427632192	1639427632550	OK	 
USER	CategoryJokeSimulation	END	1639427632551
USER	CategoryJokeSimulation	START	1639427632555
REQUEST		request_0	1639427632253	1639427632575	OK	 
USER	CategoryJokeSimulation	END	1639427632576
USER	CategoryJokeSimulation	START	1639427632586
REQUEST		request_0	1639427632465	1639427632597	OK	 
USER	CategoryJokeSimulation	END	1639427632597
REQUEST		request_0	1639427632283	1639427632608	OK	 
USER	CategoryJokeSimulation	END	1639427632608
USER	CategoryJokeSimulation	START	1639427632617
USER	CategoryJokeSimulation	START	1639427632646
REQUEST		request_0	1639427632373	1639427632648	OK	 
USER	CategoryJokeSimulation	END	1639427632649
USER	CategoryJokeSimulation	START	1639427632676
REQUEST		request_0	1639427632555	1639427632680	OK	 
USER	CategoryJokeSimulation	END	1639427632681
REQUEST		request_0	1639427632586	1639427632688	OK	 
USER	CategoryJokeSimulation	END	1639427632689
USER	CategoryJokeSimulation	START	1639427632707
REQUEST		request_0	1639427632434	1639427632723	OK	 
USER	CategoryJokeSimulation	END	1639427632723
REQUEST		request_0	1639427632617	1639427632733	OK	 
USER	CategoryJokeSimulation	END	1639427632734
USER	CategoryJokeSimulation	START	1639427632737
REQUEST		request_0	1639427632494	1639427632766	OK	 
USER	CategoryJokeSimulation	END	1639427632766
USER	CategoryJokeSimulation	START	1639427632767
REQUEST		request_0	1639427632677	1639427632794	OK	 
USER	CategoryJokeSimulation	END	1639427632795
USER	CategoryJokeSimulation	START	1639427632798
USER	CategoryJokeSimulation	START	1639427632828
USER	CategoryJokeSimulation	START	1639427632860
USER	CategoryJokeSimulation	START	1639427632887
USER	CategoryJokeSimulation	START	1639427632917
USER	CategoryJokeSimulation	START	1639427632946
USER	CategoryJokeSimulation	START	1639427632975
USER	CategoryJokeSimulation	START	1639427633005
REQUEST		request_0	1639427632708	1639427633009	OK	 
REQUEST		request_0	1639427632524	1639427633009	OK	 
USER	CategoryJokeSimulation	END	1639427633010
USER	CategoryJokeSimulation	END	1639427633010
USER	CategoryJokeSimulation	START	1639427633035
USER	CategoryJokeSimulation	START	1639427633063
USER	CategoryJokeSimulation	START	1639427633094
REQUEST		request_0	1639427632946	1639427633108	OK	 
USER	CategoryJokeSimulation	END	1639427633108
REQUEST		request_0	1639427632917	1639427633110	OK	 
USER	CategoryJokeSimulation	END	1639427633111
USER	CategoryJokeSimulation	START	1639427633124
REQUEST		request_0	1639427632860	1639427633127	OK	 
USER	CategoryJokeSimulation	END	1639427633128
REQUEST		request_0	1639427632829	1639427633136	OK	 
REQUEST		request_0	1639427632976	1639427633137	OK	 
USER	CategoryJokeSimulation	END	1639427633137
USER	CategoryJokeSimulation	END	1639427633137
REQUEST		request_0	1639427632646	1639427633142	OK	 
USER	CategoryJokeSimulation	END	1639427633143
USER	CategoryJokeSimulation	START	1639427633153
REQUEST		request_0	1639427633036	1639427633163	OK	 
USER	CategoryJokeSimulation	END	1639427633164
USER	CategoryJokeSimulation	START	1639427633181
REQUEST		request_0	1639427633094	1639427633201	OK	 
REQUEST		request_0	1639427632738	1639427633202	OK	 
USER	CategoryJokeSimulation	END	1639427633202
USER	CategoryJokeSimulation	END	1639427633203
USER	CategoryJokeSimulation	START	1639427633212
REQUEST		request_0	1639427632768	1639427633219	OK	 
USER	CategoryJokeSimulation	END	1639427633220
USER	CategoryJokeSimulation	START	1639427633241
USER	CategoryJokeSimulation	START	1639427633270
REQUEST		request_0	1639427632887	1639427633278	OK	 
USER	CategoryJokeSimulation	END	1639427633278
REQUEST		request_0	1639427632799	1639427633281	OK	 
USER	CategoryJokeSimulation	END	1639427633281
REQUEST		request_0	1639427633006	1639427633286	OK	 
USER	CategoryJokeSimulation	END	1639427633287
USER	CategoryJokeSimulation	START	1639427633301
USER	CategoryJokeSimulation	START	1639427633329
USER	CategoryJokeSimulation	START	1639427633359
USER	CategoryJokeSimulation	START	1639427633389
REQUEST		request_0	1639427633270	1639427633415	OK	 
USER	CategoryJokeSimulation	END	1639427633416
USER	CategoryJokeSimulation	START	1639427633417
REQUEST		request_0	1639427633063	1639427633425	OK	 
REQUEST		request_0	1639427633124	1639427633425	OK	 
USER	CategoryJokeSimulation	END	1639427633426
USER	CategoryJokeSimulation	END	1639427633427
USER	CategoryJokeSimulation	START	1639427633447
USER	CategoryJokeSimulation	START	1639427633476
USER	CategoryJokeSimulation	START	1639427633506
USER	CategoryJokeSimulation	START	1639427633535
REQUEST		request_0	1639427633330	1639427633550	OK	 
USER	CategoryJokeSimulation	END	1639427633551
REQUEST		request_0	1639427633153	1639427633552	OK	 
USER	CategoryJokeSimulation	END	1639427633552
REQUEST		request_0	1639427633182	1639427633561	OK	 
USER	CategoryJokeSimulation	END	1639427633561
USER	CategoryJokeSimulation	START	1639427633564
REQUEST		request_0	1639427633389	1639427633566	OK	 
USER	CategoryJokeSimulation	END	1639427633566
REQUEST		request_0	1639427633213	1639427633582	OK	 
USER	CategoryJokeSimulation	END	1639427633583
USER	CategoryJokeSimulation	START	1639427633595
REQUEST		request_0	1639427633241	1639427633605	OK	 
USER	CategoryJokeSimulation	END	1639427633605
REQUEST		request_0	1639427633507	1639427633610	OK	 
USER	CategoryJokeSimulation	END	1639427633611
USER	CategoryJokeSimulation	START	1639427633624
REQUEST		request_0	1639427633301	1639427633630	OK	 
USER	CategoryJokeSimulation	END	1639427633631
REQUEST		request_0	1639427633535	1639427633646	OK	 
USER	CategoryJokeSimulation	END	1639427633646
USER	CategoryJokeSimulation	START	1639427633653
REQUEST		request_0	1639427633417	1639427633679	OK	 
USER	CategoryJokeSimulation	END	1639427633680
USER	CategoryJokeSimulation	START	1639427633682
REQUEST		request_0	1639427633360	1639427633694	OK	 
USER	CategoryJokeSimulation	END	1639427633695
REQUEST		request_0	1639427633595	1639427633712	OK	 
USER	CategoryJokeSimulation	START	1639427633712
USER	CategoryJokeSimulation	END	1639427633714
REQUEST		request_0	1639427633447	1639427633720	OK	 
USER	CategoryJokeSimulation	END	1639427633721
USER	CategoryJokeSimulation	START	1639427633741
REQUEST		request_0	1639427633654	1639427633762	OK	 
USER	CategoryJokeSimulation	END	1639427633762
REQUEST		request_0	1639427633476	1639427633763	OK	 
USER	CategoryJokeSimulation	END	1639427633764
USER	CategoryJokeSimulation	START	1639427633770
USER	CategoryJokeSimulation	START	1639427633801
USER	CategoryJokeSimulation	START	1639427633830
USER	CategoryJokeSimulation	START	1639427633860
USER	CategoryJokeSimulation	START	1639427633887
USER	CategoryJokeSimulation	START	1639427633920
USER	CategoryJokeSimulation	START	1639427633950
USER	CategoryJokeSimulation	START	1639427633981
USER	CategoryJokeSimulation	START	1639427634009
USER	CategoryJokeSimulation	START	1639427634039
REQUEST		request_0	1639427633771	1639427634058	OK	 
REQUEST		request_0	1639427633712	1639427634058	OK	 
REQUEST		request_0	1639427633801	1639427634058	OK	 
USER	CategoryJokeSimulation	END	1639427634059
USER	CategoryJokeSimulation	END	1639427634059
USER	CategoryJokeSimulation	END	1639427634059
REQUEST		request_0	1639427633564	1639427634069	OK	 
REQUEST		request_0	1639427633624	1639427634069	OK	 
USER	CategoryJokeSimulation	END	1639427634070
USER	CategoryJokeSimulation	END	1639427634070
USER	CategoryJokeSimulation	START	1639427634070
USER	CategoryJokeSimulation	START	1639427634101
USER	CategoryJokeSimulation	START	1639427634130
REQUEST		request_0	1639427633981	1639427634158	OK	 
USER	CategoryJokeSimulation	END	1639427634158
USER	CategoryJokeSimulation	START	1639427634161
REQUEST		request_0	1639427633887	1639427634169	OK	 
REQUEST		request_0	1639427634009	1639427634169	OK	 
USER	CategoryJokeSimulation	END	1639427634170
USER	CategoryJokeSimulation	END	1639427634170
REQUEST		request_0	1639427633920	1639427634175	OK	 
USER	CategoryJokeSimulation	END	1639427634176
USER	CategoryJokeSimulation	START	1639427634191
REQUEST		request_0	1639427633682	1639427634200	OK	 
USER	CategoryJokeSimulation	END	1639427634201
REQUEST		request_0	1639427634102	1639427634210	OK	 
USER	CategoryJokeSimulation	END	1639427634211
REQUEST		request_0	1639427633860	1639427634212	OK	 
USER	CategoryJokeSimulation	END	1639427634213
USER	CategoryJokeSimulation	START	1639427634221
REQUEST		request_0	1639427634130	1639427634235	OK	 
USER	CategoryJokeSimulation	END	1639427634236
USER	CategoryJokeSimulation	START	1639427634251
REQUEST		request_0	1639427633830	1639427634256	OK	 
USER	CategoryJokeSimulation	END	1639427634257
REQUEST		request_0	1639427634161	1639427634261	OK	 
USER	CategoryJokeSimulation	END	1639427634262
REQUEST		request_0	1639427633741	1639427634266	OK	 
USER	CategoryJokeSimulation	END	1639427634267
USER	CategoryJokeSimulation	START	1639427634282
USER	CategoryJokeSimulation	START	1639427634312
REQUEST		request_0	1639427634192	1639427634314	OK	 
USER	CategoryJokeSimulation	END	1639427634315
REQUEST		request_0	1639427633950	1639427634331	OK	 
USER	CategoryJokeSimulation	END	1639427634332
USER	CategoryJokeSimulation	START	1639427634342
REQUEST		request_0	1639427634251	1639427634347	OK	 
USER	CategoryJokeSimulation	END	1639427634348
REQUEST		request_0	1639427634070	1639427634351	OK	 
USER	CategoryJokeSimulation	END	1639427634351
REQUEST		request_0	1639427634039	1639427634362	OK	 
USER	CategoryJokeSimulation	END	1639427634362
USER	CategoryJokeSimulation	START	1639427634374
USER	CategoryJokeSimulation	START	1639427634403
USER	CategoryJokeSimulation	START	1639427634433
REQUEST		request_0	1639427634282	1639427634450	OK	 
USER	CategoryJokeSimulation	END	1639427634451
REQUEST		request_0	1639427634312	1639427634452	OK	 
USER	CategoryJokeSimulation	END	1639427634453
USER	CategoryJokeSimulation	START	1639427634464
USER	CategoryJokeSimulation	START	1639427634495
USER	CategoryJokeSimulation	START	1639427634524
USER	CategoryJokeSimulation	START	1639427634554
USER	CategoryJokeSimulation	START	1639427634586
REQUEST		request_0	1639427634464	1639427634590	OK	 
USER	CategoryJokeSimulation	END	1639427634591
REQUEST		request_0	1639427634495	1639427634605	OK	 
USER	CategoryJokeSimulation	END	1639427634606
REQUEST		request_0	1639427634221	1639427634609	OK	 
USER	CategoryJokeSimulation	END	1639427634609
USER	CategoryJokeSimulation	START	1639427634616
USER	CategoryJokeSimulation	START	1639427634645
REQUEST		request_0	1639427634524	1639427634658	OK	 
USER	CategoryJokeSimulation	END	1639427634658
USER	CategoryJokeSimulation	START	1639427634676
REQUEST		request_0	1639427634343	1639427634690	OK	 
USER	CategoryJokeSimulation	END	1639427634691
USER	CategoryJokeSimulation	START	1639427634707
REQUEST		request_0	1639427634434	1639427634726	OK	 
USER	CategoryJokeSimulation	END	1639427634727
USER	CategoryJokeSimulation	START	1639427634736
REQUEST		request_0	1639427634404	1639427634742	OK	 
USER	CategoryJokeSimulation	END	1639427634742
REQUEST		request_0	1639427634374	1639427634765	OK	 
USER	CategoryJokeSimulation	END	1639427634765
USER	CategoryJokeSimulation	START	1639427634767
REQUEST		request_0	1639427634676	1639427634790	OK	 
USER	CategoryJokeSimulation	END	1639427634790
USER	CategoryJokeSimulation	START	1639427634798
REQUEST		request_0	1639427634555	1639427634826	OK	 
USER	CategoryJokeSimulation	END	1639427634826
USER	CategoryJokeSimulation	START	1639427634827
REQUEST		request_0	1639427634736	1639427634838	OK	 
USER	CategoryJokeSimulation	END	1639427634839
REQUEST		request_0	1639427634586	1639427634846	OK	 
USER	CategoryJokeSimulation	END	1639427634846
USER	CategoryJokeSimulation	START	1639427634858
REQUEST		request_0	1639427634768	1639427634874	OK	 
USER	CategoryJokeSimulation	END	1639427634875
REQUEST		request_0	1639427634616	1639427634886	OK	 
USER	CategoryJokeSimulation	END	1639427634887
USER	CategoryJokeSimulation	START	1639427634887
USER	CategoryJokeSimulation	START	1639427634917
USER	CategoryJokeSimulation	START	1639427634948
USER	CategoryJokeSimulation	START	1639427634980
USER	CategoryJokeSimulation	START	1639427635009
USER	CategoryJokeSimulation	START	1639427635040
USER	CategoryJokeSimulation	START	1639427635071
USER	CategoryJokeSimulation	START	1639427635101
REQUEST		request_0	1639427634798	1639427635106	OK	 
REQUEST		request_0	1639427634827	1639427635106	OK	 
USER	CategoryJokeSimulation	END	1639427635107
USER	CategoryJokeSimulation	END	1639427635107
REQUEST		request_0	1639427634646	1639427635121	OK	 
USER	CategoryJokeSimulation	END	1639427635122
USER	CategoryJokeSimulation	START	1639427635130
USER	CategoryJokeSimulation	START	1639427635160
USER	CategoryJokeSimulation	START	1639427635191
REQUEST		request_0	1639427634707	1639427635220	OK	 
USER	CategoryJokeSimulation	END	1639427635220
REQUEST		request_0	1639427635101	1639427635222	OK	 
USER	CategoryJokeSimulation	START	1639427635221
USER	CategoryJokeSimulation	END	1639427635222
REQUEST		request_0	1639427635131	1639427635238	OK	 
USER	CategoryJokeSimulation	END	1639427635238
USER	CategoryJokeSimulation	START	1639427635250
USER	CategoryJokeSimulation	START	1639427635282
USER	CategoryJokeSimulation	START	1639427635313
REQUEST		request_0	1639427634859	1639427635332	OK	 
USER	CategoryJokeSimulation	END	1639427635332
USER	CategoryJokeSimulation	START	1639427635342
USER	CategoryJokeSimulation	START	1639427635374
REQUEST		request_0	1639427634948	1639427635380	OK	 
REQUEST		request_0	1639427634980	1639427635380	OK	 
USER	CategoryJokeSimulation	END	1639427635381
USER	CategoryJokeSimulation	END	1639427635381
REQUEST		request_0	1639427634917	1639427635386	OK	 
USER	CategoryJokeSimulation	END	1639427635387
REQUEST		request_0	1639427635071	1639427635390	OK	 
USER	CategoryJokeSimulation	END	1639427635390
REQUEST		request_0	1639427635040	1639427635394	OK	 
USER	CategoryJokeSimulation	END	1639427635394
REQUEST		request_0	1639427635282	1639427635400	OK	 
USER	CategoryJokeSimulation	END	1639427635401
USER	CategoryJokeSimulation	START	1639427635402
REQUEST		request_0	1639427634887	1639427635403	OK	 
USER	CategoryJokeSimulation	END	1639427635404
USER	CategoryJokeSimulation	START	1639427635433
USER	CategoryJokeSimulation	START	1639427635464
USER	CategoryJokeSimulation	START	1639427635494
REQUEST		request_0	1639427635313	1639427635498	OK	 
REQUEST		request_0	1639427635374	1639427635498	OK	 
USER	CategoryJokeSimulation	END	1639427635498
USER	CategoryJokeSimulation	END	1639427635498
REQUEST		request_0	1639427635009	1639427635501	OK	 
REQUEST		request_0	1639427635192	1639427635501	OK	 
REQUEST		request_0	1639427635161	1639427635501	OK	 
USER	CategoryJokeSimulation	END	1639427635502
USER	CategoryJokeSimulation	END	1639427635502
USER	CategoryJokeSimulation	END	1639427635502
USER	CategoryJokeSimulation	START	1639427635525
REQUEST		request_0	1639427635222	1639427635542	OK	 
USER	CategoryJokeSimulation	END	1639427635543
USER	CategoryJokeSimulation	START	1639427635554
USER	CategoryJokeSimulation	START	1639427635586
REQUEST		request_0	1639427635465	1639427635606	OK	 
USER	CategoryJokeSimulation	END	1639427635607
USER	CategoryJokeSimulation	START	1639427635616
REQUEST		request_0	1639427635250	1639427635629	OK	 
USER	CategoryJokeSimulation	END	1639427635630
USER	CategoryJokeSimulation	START	1639427635646
USER	CategoryJokeSimulation	START	1639427635677
REQUEST		request_0	1639427635554	1639427635695	OK	 
USER	CategoryJokeSimulation	END	1639427635696
REQUEST		request_0	1639427635343	1639427635700	OK	 
USER	CategoryJokeSimulation	END	1639427635700
USER	CategoryJokeSimulation	START	1639427635707
REQUEST		request_0	1639427635403	1639427635711	OK	 
USER	CategoryJokeSimulation	END	1639427635711
REQUEST		request_0	1639427635616	1639427635725	OK	 
USER	CategoryJokeSimulation	END	1639427635726
USER	CategoryJokeSimulation	START	1639427635737
REQUEST		request_0	1639427635647	1639427635756	OK	 
USER	CategoryJokeSimulation	END	1639427635757
USER	CategoryJokeSimulation	START	1639427635768
REQUEST		request_0	1639427635494	1639427635792	OK	 
USER	CategoryJokeSimulation	END	1639427635793
REQUEST		request_0	1639427635434	1639427635795	OK	 
USER	CategoryJokeSimulation	END	1639427635796
USER	CategoryJokeSimulation	START	1639427635797
REQUEST		request_0	1639427635525	1639427635806	OK	 
USER	CategoryJokeSimulation	END	1639427635806
REQUEST		request_0	1639427635707	1639427635826	OK	 
USER	CategoryJokeSimulation	END	1639427635827
USER	CategoryJokeSimulation	START	1639427635827
REQUEST		request_0	1639427635586	1639427635858	OK	 
USER	CategoryJokeSimulation	END	1639427635859
USER	CategoryJokeSimulation	START	1639427635858
REQUEST		request_0	1639427635738	1639427635875	OK	 
USER	CategoryJokeSimulation	END	1639427635876
REQUEST		request_0	1639427635768	1639427635881	OK	 
USER	CategoryJokeSimulation	END	1639427635882
USER	CategoryJokeSimulation	START	1639427635888
USER	CategoryJokeSimulation	START	1639427635916
USER	CategoryJokeSimulation	START	1639427635947
USER	CategoryJokeSimulation	START	1639427635976
USER	CategoryJokeSimulation	START	1639427636005
USER	CategoryJokeSimulation	START	1639427636034
USER	CategoryJokeSimulation	START	1639427636064
USER	CategoryJokeSimulation	START	1639427636093
USER	CategoryJokeSimulation	START	1639427636122
USER	CategoryJokeSimulation	START	1639427636153
REQUEST		request_0	1639427635888	1639427636156	OK	 
USER	CategoryJokeSimulation	END	1639427636157
REQUEST		request_0	1639427635858	1639427636158	OK	 
USER	CategoryJokeSimulation	END	1639427636158
REQUEST		request_0	1639427635677	1639427636161	OK	 
USER	CategoryJokeSimulation	END	1639427636161
USER	CategoryJokeSimulation	START	1639427636182
USER	CategoryJokeSimulation	START	1639427636211
USER	CategoryJokeSimulation	START	1639427636242
REQUEST		request_0	1639427636035	1639427636246	OK	 
USER	CategoryJokeSimulation	END	1639427636246
REQUEST		request_0	1639427636123	1639427636248	OK	 
USER	CategoryJokeSimulation	END	1639427636248
REQUEST		request_0	1639427636094	1639427636253	OK	 
USER	CategoryJokeSimulation	END	1639427636255
USER	CategoryJokeSimulation	START	1639427636271
REQUEST		request_0	1639427636153	1639427636271	OK	 
USER	CategoryJokeSimulation	END	1639427636272
REQUEST		request_0	1639427635827	1639427636284	OK	 
USER	CategoryJokeSimulation	END	1639427636285
REQUEST		request_0	1639427635797	1639427636289	OK	 
USER	CategoryJokeSimulation	END	1639427636290
REQUEST		request_0	1639427636182	1639427636292	OK	 
USER	CategoryJokeSimulation	END	1639427636292
USER	CategoryJokeSimulation	START	1639427636300
REQUEST		request_0	1639427636211	1639427636312	OK	 
USER	CategoryJokeSimulation	END	1639427636312
USER	CategoryJokeSimulation	START	1639427636329
USER	CategoryJokeSimulation	START	1639427636360
REQUEST		request_0	1639427636242	1639427636369	OK	 
USER	CategoryJokeSimulation	END	1639427636370
REQUEST		request_0	1639427635916	1639427636371	OK	 
USER	CategoryJokeSimulation	END	1639427636371
USER	CategoryJokeSimulation	START	1639427636388
USER	CategoryJokeSimulation	START	1639427636417
REQUEST		request_0	1639427635948	1639427636424	OK	 
USER	CategoryJokeSimulation	END	1639427636425
USER	CategoryJokeSimulation	START	1639427636448
REQUEST		request_0	1639427635976	1639427636454	OK	 
REQUEST		request_0	1639427636065	1639427636454	OK	 
USER	CategoryJokeSimulation	END	1639427636455
USER	CategoryJokeSimulation	END	1639427636455
USER	CategoryJokeSimulation	START	1639427636476
USER	CategoryJokeSimulation	START	1639427636505
USER	CategoryJokeSimulation	START	1639427636535
REQUEST		request_0	1639427636300	1639427636547	OK	 
USER	CategoryJokeSimulation	END	1639427636548
REQUEST		request_0	1639427636006	1639427636564	OK	 
USER	CategoryJokeSimulation	END	1639427636565
USER	CategoryJokeSimulation	START	1639427636565
REQUEST		request_0	1639427636271	1639427636566	OK	 
USER	CategoryJokeSimulation	END	1639427636567
USER	CategoryJokeSimulation	START	1639427636594
USER	CategoryJokeSimulation	START	1639427636623
USER	CategoryJokeSimulation	START	1639427636654
REQUEST		request_0	1639427636535	1639427636656	OK	 
USER	CategoryJokeSimulation	END	1639427636657
REQUEST		request_0	1639427636506	1639427636667	OK	 
USER	CategoryJokeSimulation	END	1639427636667
USER	CategoryJokeSimulation	START	1639427636683
REQUEST		request_0	1639427636360	1639427636684	OK	 
USER	CategoryJokeSimulation	END	1639427636684
REQUEST		request_0	1639427636329	1639427636691	OK	 
USER	CategoryJokeSimulation	END	1639427636692
USER	CategoryJokeSimulation	START	1639427636712
USER	CategoryJokeSimulation	START	1639427636742
REQUEST		request_0	1639427636388	1639427636756	OK	 
USER	CategoryJokeSimulation	END	1639427636757
REQUEST		request_0	1639427636417	1639427636758	OK	 
USER	CategoryJokeSimulation	END	1639427636759
REQUEST		request_0	1639427636448	1639427636766	OK	 
USER	CategoryJokeSimulation	END	1639427636767
USER	CategoryJokeSimulation	START	1639427636770
REQUEST		request_0	1639427636654	1639427636783	OK	 
USER	CategoryJokeSimulation	END	1639427636784
REQUEST		request_0	1639427636683	1639427636798	OK	 
USER	CategoryJokeSimulation	END	1639427636799
USER	CategoryJokeSimulation	START	1639427636800
REQUEST		request_0	1639427636476	1639427636802	OK	 
USER	CategoryJokeSimulation	END	1639427636803
REQUEST		request_0	1639427636565	1639427636819	OK	 
USER	CategoryJokeSimulation	END	1639427636820
USER	CategoryJokeSimulation	START	1639427636829
REQUEST		request_0	1639427636712	1639427636835	OK	 
USER	CategoryJokeSimulation	END	1639427636836
USER	CategoryJokeSimulation	START	1639427636859
USER	CategoryJokeSimulation	START	1639427636887
REQUEST		request_0	1639427636623	1639427636903	OK	 
REQUEST		request_0	1639427636594	1639427636904	OK	 
USER	CategoryJokeSimulation	END	1639427636904
USER	CategoryJokeSimulation	END	1639427636905
USER	CategoryJokeSimulation	START	1639427636917
REQUEST		request_0	1639427636800	1639427636918	OK	 
USER	CategoryJokeSimulation	END	1639427636919
USER	CategoryJokeSimulation	START	1639427636948
REQUEST		request_0	1639427636829	1639427636960	OK	 
USER	CategoryJokeSimulation	END	1639427636961
USER	CategoryJokeSimulation	START	1639427636979
USER	CategoryJokeSimulation	START	1639427637008
USER	CategoryJokeSimulation	START	1639427637039
USER	CategoryJokeSimulation	START	1639427637071
USER	CategoryJokeSimulation	START	1639427637100
USER	CategoryJokeSimulation	START	1639427637130
USER	CategoryJokeSimulation	START	1639427637160
USER	CategoryJokeSimulation	START	1639427637190
REQUEST		request_0	1639427636888	1639427637203	OK	 
REQUEST		request_0	1639427636948	1639427637203	OK	 
USER	CategoryJokeSimulation	END	1639427637203
USER	CategoryJokeSimulation	END	1639427637203
REQUEST		request_0	1639427636770	1639427637206	OK	 
REQUEST		request_0	1639427636743	1639427637206	OK	 
USER	CategoryJokeSimulation	END	1639427637207
USER	CategoryJokeSimulation	END	1639427637207
USER	CategoryJokeSimulation	START	1639427637222
USER	CategoryJokeSimulation	START	1639427637252
USER	CategoryJokeSimulation	START	1639427637282
REQUEST		request_0	1639427637130	1639427637302	OK	 
USER	CategoryJokeSimulation	END	1639427637303
REQUEST		request_0	1639427637039	1639427637310	OK	 
USER	CategoryJokeSimulation	END	1639427637311
USER	CategoryJokeSimulation	START	1639427637312
REQUEST		request_0	1639427637100	1639427637317	OK	 
USER	CategoryJokeSimulation	END	1639427637318
REQUEST		request_0	1639427637009	1639427637335	OK	 
USER	CategoryJokeSimulation	END	1639427637336
USER	CategoryJokeSimulation	START	1639427637342
REQUEST		request_0	1639427637161	1639427637358	OK	 
USER	CategoryJokeSimulation	END	1639427637358
REQUEST		request_0	1639427637222	1639427637370	OK	 
USER	CategoryJokeSimulation	END	1639427637371
REQUEST		request_0	1639427636859	1639427637372	OK	 
USER	CategoryJokeSimulation	END	1639427637373
USER	CategoryJokeSimulation	START	1639427637373
USER	CategoryJokeSimulation	START	1639427637403
REQUEST		request_0	1639427636979	1639427637423	OK	 
USER	CategoryJokeSimulation	END	1639427637424
REQUEST		request_0	1639427636917	1639427637432	OK	 
USER	CategoryJokeSimulation	END	1639427637433
USER	CategoryJokeSimulation	START	1639427637433
REQUEST		request_0	1639427637282	1639427637439	OK	 
USER	CategoryJokeSimulation	END	1639427637440
REQUEST		request_0	1639427637312	1639427637446	OK	 
USER	CategoryJokeSimulation	END	1639427637447
USER	CategoryJokeSimulation	START	1639427637464
USER	CategoryJokeSimulation	START	1639427637495
REQUEST		request_0	1639427637373	1639427637497	OK	 
USER	CategoryJokeSimulation	END	1639427637497
REQUEST		request_0	1639427637071	1639427637498	OK	 
USER	CategoryJokeSimulation	END	1639427637499
USER	CategoryJokeSimulation	START	1639427637524
USER	CategoryJokeSimulation	START	1639427637555
USER	CategoryJokeSimulation	START	1639427637585
REQUEST		request_0	1639427637404	1639427637594	OK	 
REQUEST		request_0	1639427637434	1639427637594	OK	 
REQUEST		request_0	1639427637465	1639427637595	OK	 
USER	CategoryJokeSimulation	END	1639427637595
USER	CategoryJokeSimulation	END	1639427637595
USER	CategoryJokeSimulation	END	1639427637595
REQUEST		request_0	1639427637191	1639427637606	OK	 
USER	CategoryJokeSimulation	END	1639427637607
USER	CategoryJokeSimulation	START	1639427637614
USER	CategoryJokeSimulation	START	1639427637645
USER	CategoryJokeSimulation	START	1639427637677
REQUEST		request_0	1639427637585	1639427637695	OK	 
USER	CategoryJokeSimulation	END	1639427637695
REQUEST		request_0	1639427637252	1639427637697	OK	 
USER	CategoryJokeSimulation	END	1639427637697
USER	CategoryJokeSimulation	START	1639427637707
REQUEST		request_0	1639427637342	1639427637722	OK	 
REQUEST		request_0	1639427637615	1639427637722	OK	 
USER	CategoryJokeSimulation	END	1639427637723
USER	CategoryJokeSimulation	END	1639427637723
USER	CategoryJokeSimulation	START	1639427637736
REQUEST		request_0	1639427637645	1639427637738	OK	 
USER	CategoryJokeSimulation	END	1639427637739
USER	CategoryJokeSimulation	START	1639427637767
USER	CategoryJokeSimulation	START	1639427637797
REQUEST		request_0	1639427637495	1639427637818	OK	 
USER	CategoryJokeSimulation	END	1639427637819
USER	CategoryJokeSimulation	START	1639427637828
USER	CategoryJokeSimulation	START	1639427637858
REQUEST		request_0	1639427637524	1639427637860	OK	 
REQUEST		request_0	1639427637736	1639427637860	OK	 
USER	CategoryJokeSimulation	END	1639427637860
USER	CategoryJokeSimulation	END	1639427637860
USER	CategoryJokeSimulation	START	1639427637887
REQUEST		request_0	1639427637555	1639427637900	OK	 
REQUEST		request_0	1639427637767	1639427637900	OK	 
USER	CategoryJokeSimulation	END	1639427637901
USER	CategoryJokeSimulation	END	1639427637901
USER	CategoryJokeSimulation	START	1639427637918
REQUEST		request_0	1639427637829	1639427637939	OK	 
USER	CategoryJokeSimulation	END	1639427637941
USER	CategoryJokeSimulation	START	1639427637948
REQUEST		request_0	1639427637678	1639427637966	OK	 
USER	CategoryJokeSimulation	END	1639427637967
USER	CategoryJokeSimulation	START	1639427637978
REQUEST		request_0	1639427637859	1639427637983	OK	 
USER	CategoryJokeSimulation	END	1639427637984
REQUEST		request_0	1639427637888	1639427637995	OK	 
USER	CategoryJokeSimulation	END	1639427637996
REQUEST		request_0	1639427637707	1639427637998	OK	 
USER	CategoryJokeSimulation	END	1639427637998
USER	CategoryJokeSimulation	START	1639427638009
REQUEST		request_0	1639427637918	1639427638034	OK	 
USER	CategoryJokeSimulation	END	1639427638034
USER	CategoryJokeSimulation	START	1639427638039
USER	CategoryJokeSimulation	START	1639427638070
USER	CategoryJokeSimulation	START	1639427638100
USER	CategoryJokeSimulation	START	1639427638129
USER	CategoryJokeSimulation	START	1639427638162
USER	CategoryJokeSimulation	START	1639427638191
USER	CategoryJokeSimulation	START	1639427638221
USER	CategoryJokeSimulation	START	1639427638252
REQUEST		request_0	1639427637978	1639427638260	OK	 
USER	CategoryJokeSimulation	END	1639427638261
REQUEST		request_0	1639427637948	1639427638262	OK	 
REQUEST		request_0	1639427637797	1639427638262	OK	 
USER	CategoryJokeSimulation	END	1639427638262
USER	CategoryJokeSimulation	END	1639427638262
USER	CategoryJokeSimulation	START	1639427638282
USER	CategoryJokeSimulation	START	1639427638313
USER	CategoryJokeSimulation	START	1639427638343
REQUEST		request_0	1639427638070	1639427638358	OK	 
REQUEST		request_0	1639427638162	1639427638359	OK	 
USER	CategoryJokeSimulation	END	1639427638359
USER	CategoryJokeSimulation	END	1639427638359
REQUEST		request_0	1639427638191	1639427638366	OK	 
USER	CategoryJokeSimulation	END	1639427638367
USER	CategoryJokeSimulation	START	1639427638374
REQUEST		request_0	1639427638101	1639427638393	OK	 
USER	CategoryJokeSimulation	END	1639427638394
REQUEST		request_0	1639427638252	1639427638404	OK	 
USER	CategoryJokeSimulation	START	1639427638404
USER	CategoryJokeSimulation	END	1639427638405
USER	CategoryJokeSimulation	START	1639427638433
REQUEST		request_0	1639427638010	1639427638459	OK	 
USER	CategoryJokeSimulation	END	1639427638459
USER	CategoryJokeSimulation	START	1639427638464
REQUEST		request_0	1639427638374	1639427638488	OK	 
USER	CategoryJokeSimulation	END	1639427638489
USER	CategoryJokeSimulation	START	1639427638494
USER	CategoryJokeSimulation	START	1639427638525
REQUEST		request_0	1639427638222	1639427638535	OK	 
USER	CategoryJokeSimulation	END	1639427638535
REQUEST		request_0	1639427638130	1639427638536	OK	 
USER	CategoryJokeSimulation	END	1639427638536
REQUEST		request_0	1639427638405	1639427638554	OK	 
REQUEST		request_0	1639427638039	1639427638554	OK	 
USER	CategoryJokeSimulation	END	1639427638555
USER	CategoryJokeSimulation	END	1639427638555
USER	CategoryJokeSimulation	START	1639427638555
USER	CategoryJokeSimulation	START	1639427638586
USER	CategoryJokeSimulation	START	1639427638616
REQUEST		request_0	1639427638434	1639427638646	OK	 
REQUEST		request_0	1639427638314	1639427638646	OK	 
REQUEST		request_0	1639427638494	1639427638646	OK	 
REQUEST		request_0	1639427638464	1639427638646	OK	 
REQUEST		request_0	1639427638283	1639427638646	OK	 
USER	CategoryJokeSimulation	END	1639427638646
USER	CategoryJokeSimulation	END	1639427638646
USER	CategoryJokeSimulation	END	1639427638647
USER	CategoryJokeSimulation	END	1639427638647
USER	CategoryJokeSimulation	END	1639427638647
REQUEST		request_0	1639427638343	1639427638647	OK	 
USER	CategoryJokeSimulation	START	1639427638646
USER	CategoryJokeSimulation	END	1639427638648
USER	CategoryJokeSimulation	START	1639427638676
USER	CategoryJokeSimulation	START	1639427638707
USER	CategoryJokeSimulation	START	1639427638736
REQUEST		request_0	1639427638617	1639427638748	OK	 
USER	CategoryJokeSimulation	END	1639427638749
REQUEST		request_0	1639427638647	1639427638750	OK	 
USER	CategoryJokeSimulation	END	1639427638751
REQUEST		request_0	1639427638586	1639427638768	OK	 
USER	CategoryJokeSimulation	START	1639427638767
USER	CategoryJokeSimulation	END	1639427638768
USER	CategoryJokeSimulation	START	1639427638798
USER	CategoryJokeSimulation	START	1639427638828
REQUEST		request_0	1639427638737	1639427638850	OK	 
USER	CategoryJokeSimulation	END	1639427638851
REQUEST		request_0	1639427638525	1639427638862	OK	 
USER	CategoryJokeSimulation	END	1639427638862
REQUEST		request_0	1639427638798	1639427638930	OK	 
USER	CategoryJokeSimulation	END	1639427638931
REQUEST		request_0	1639427638829	1639427638946	OK	 
REQUEST		request_0	1639427638676	1639427638946	OK	 
USER	CategoryJokeSimulation	END	1639427638947
USER	CategoryJokeSimulation	END	1639427638947
REQUEST		request_0	1639427638555	1639427638963	OK	 
USER	CategoryJokeSimulation	END	1639427638963
REQUEST		request_0	1639427638707	1639427638986	OK	 
USER	CategoryJokeSimulation	END	1639427638986
REQUEST		request_0	1639427638767	1639427639031	OK	 
USER	CategoryJokeSimulation	END	1639427639031
